<?xml version="1.0" encoding="UTF-8"?>
<testsuite name="com.epam.esm.dao.impl.UserDaoImplTest" tests="1" skipped="0" failures="0" errors="0" timestamp="2022-12-06T19:00:18" hostname="G1" time="1.405">
  <properties/>
  <testcase name="findUser()" classname="com.epam.esm.dao.impl.UserDaoImplTest" time="1.405"/>
  <system-out><![CDATA[20:59:58,640 |-INFO in ch.qos.logback.classic.LoggerContext[default] - Could NOT find resource [logback-test.xml]
20:59:58,642 |-INFO in ch.qos.logback.classic.LoggerContext[default] - Found resource [logback.xml] at [file:/C:/Users/%d0%90%d0%bb%d0%b5%d0%ba%d1%81%d0%b0%d0%bd%d0%b4%d1%80/IdeaProjects/OnlineStore/Core/build/resources/main/logback.xml]
20:59:58,950 |-INFO in ch.qos.logback.classic.joran.action.ConfigurationAction - debug attribute not set
20:59:58,973 |-INFO in ch.qos.logback.core.joran.util.ConfigurationWatchListUtil@141aba65 - Adding [jar:file:/C:/Users/%d0%90%d0%bb%d0%b5%d0%ba%d1%81%d0%b0%d0%bd%d0%b4%d1%80/.gradle/caches/modules-2/files-2.1/org.springframework.boot/spring-boot/2.6.7/aef2fff50d49feb43a0726ab7e4945914186e06/spring-boot-2.6.7.jar!/org/springframework/boot/logging/logback/defaults.xml] to configuration watch list.
20:59:58,973 |-INFO in ch.qos.logback.core.joran.spi.ConfigurationWatchList@3356ff58 - URL [jar:file:/C:/Users/%d0%90%d0%bb%d0%b5%d0%ba%d1%81%d0%b0%d0%bd%d0%b4%d1%80/.gradle/caches/modules-2/files-2.1/org.springframework.boot/spring-boot/2.6.7/aef2fff50d49feb43a0726ab7e4945914186e06/spring-boot-2.6.7.jar!/org/springframework/boot/logging/logback/defaults.xml] is not of type file
20:59:58,980 |-INFO in ch.qos.logback.core.joran.action.ConversionRuleAction - registering conversion word clr with class [org.springframework.boot.logging.logback.ColorConverter]
20:59:58,980 |-INFO in ch.qos.logback.core.joran.action.ConversionRuleAction - registering conversion word wex with class [org.springframework.boot.logging.logback.WhitespaceThrowableProxyConverter]
20:59:58,980 |-INFO in ch.qos.logback.core.joran.action.ConversionRuleAction - registering conversion word wEx with class [org.springframework.boot.logging.logback.ExtendedWhitespaceThrowableProxyConverter]
20:59:58,995 |-INFO in ch.qos.logback.classic.joran.action.LoggerAction - Setting level of logger [org.apache.catalina.startup.DigesterFactory] to ERROR
20:59:58,995 |-INFO in ch.qos.logback.classic.joran.action.LoggerAction - Setting level of logger [org.apache.catalina.util.LifecycleBase] to ERROR
20:59:58,995 |-INFO in ch.qos.logback.classic.joran.action.LoggerAction - Setting level of logger [org.apache.coyote.http11.Http11NioProtocol] to WARN
20:59:58,995 |-INFO in ch.qos.logback.classic.joran.action.LoggerAction - Setting level of logger [org.apache.sshd.common.util.SecurityUtils] to WARN
20:59:58,995 |-INFO in ch.qos.logback.classic.joran.action.LoggerAction - Setting level of logger [org.apache.tomcat.util.net.NioSelectorPool] to WARN
20:59:58,996 |-INFO in ch.qos.logback.classic.joran.action.LoggerAction - Setting level of logger [org.eclipse.jetty.util.component.AbstractLifeCycle] to ERROR
20:59:58,996 |-INFO in ch.qos.logback.classic.joran.action.LoggerAction - Setting level of logger [org.hibernate.validator.internal.util.Version] to WARN
20:59:58,996 |-INFO in ch.qos.logback.classic.joran.action.LoggerAction - Setting level of logger [org.springframework.boot.actuate.endpoint.jmx] to WARN
20:59:58,996 |-INFO in ch.qos.logback.core.joran.action.AppenderAction - About to instantiate appender of type [ch.qos.logback.core.rolling.RollingFileAppender]
20:59:59,023 |-INFO in ch.qos.logback.core.joran.action.AppenderAction - Naming appender as [FILE-ROLLING]
20:59:59,060 |-INFO in c.q.l.core.rolling.SizeAndTimeBasedRollingPolicy@190182839 - setting totalSizeCap to 10 MB
20:59:59,070 |-INFO in c.q.l.core.rolling.SizeAndTimeBasedRollingPolicy@190182839 - Archive files will be limited to [10 MB] each.
20:59:59,116 |-INFO in c.q.l.core.rolling.SizeAndTimeBasedRollingPolicy@190182839 - No compression will be used
20:59:59,123 |-INFO in c.q.l.core.rolling.SizeAndTimeBasedRollingPolicy@190182839 - Will use the pattern logs/archived/app.%d{yyyy-MM-dd}.%i.log for the active file
20:59:59,132 |-INFO in ch.qos.logback.core.rolling.SizeAndTimeBasedFNATP@2aa6bbad - The date pattern is 'yyyy-MM-dd' from file name pattern 'logs/archived/app.%d{yyyy-MM-dd}.%i.log'.
20:59:59,132 |-INFO in ch.qos.logback.core.rolling.SizeAndTimeBasedFNATP@2aa6bbad - Roll-over at midnight.
20:59:59,152 |-INFO in ch.qos.logback.core.rolling.SizeAndTimeBasedFNATP@2aa6bbad - Setting initial period to Tue Dec 06 20:59:23 EET 2022
20:59:59,161 |-INFO in ch.qos.logback.core.joran.action.NestedComplexPropertyIA - Assuming default type [ch.qos.logback.classic.encoder.PatternLayoutEncoder] for [encoder] property
20:59:59,218 |-INFO in ch.qos.logback.core.rolling.RollingFileAppender[FILE-ROLLING] - Active log file name: logs/app.log
20:59:59,218 |-INFO in ch.qos.logback.core.rolling.RollingFileAppender[FILE-ROLLING] - File property is set to [logs/app.log]
20:59:59,222 |-INFO in ch.qos.logback.core.joran.action.AppenderAction - About to instantiate appender of type [ch.qos.logback.core.ConsoleAppender]
20:59:59,227 |-INFO in ch.qos.logback.core.joran.action.AppenderAction - Naming appender as [CONSOLE]
20:59:59,233 |-WARN in ch.qos.logback.core.ConsoleAppender[CONSOLE] - This appender no longer admits a layout as a sub-component, set an encoder instead.
20:59:59,233 |-WARN in ch.qos.logback.core.ConsoleAppender[CONSOLE] - To ensure compatibility, wrapping your layout in LayoutWrappingEncoder.
20:59:59,233 |-WARN in ch.qos.logback.core.ConsoleAppender[CONSOLE] - See also http://logback.qos.ch/codes.html#layoutInsteadOfEncoder for details
20:59:59,234 |-INFO in ch.qos.logback.classic.joran.action.LoggerAction - Setting level of logger [com.epam.esm] to DEBUG
20:59:59,235 |-INFO in ch.qos.logback.classic.joran.action.LoggerAction - Setting additivity of logger [com.epam.esm] to false
20:59:59,235 |-INFO in ch.qos.logback.core.joran.action.AppenderRefAction - Attaching appender named [FILE-ROLLING] to Logger[com.epam.esm]
20:59:59,237 |-INFO in ch.qos.logback.classic.joran.action.RootLoggerAction - Setting level of ROOT logger to ERROR
20:59:59,237 |-INFO in ch.qos.logback.core.joran.action.AppenderRefAction - Attaching appender named [FILE-ROLLING] to Logger[ROOT]
20:59:59,237 |-INFO in ch.qos.logback.classic.joran.action.LoggerAction - Setting level of logger [com.epam.esm] to DEBUG
20:59:59,237 |-INFO in ch.qos.logback.classic.joran.action.LoggerAction - Setting additivity of logger [com.epam.esm] to false
20:59:59,237 |-INFO in ch.qos.logback.core.joran.action.AppenderRefAction - Attaching appender named [CONSOLE] to Logger[com.epam.esm]
20:59:59,237 |-INFO in ch.qos.logback.classic.joran.action.RootLoggerAction - Setting level of ROOT logger to ERROR
20:59:59,237 |-INFO in ch.qos.logback.core.joran.action.AppenderRefAction - Attaching appender named [CONSOLE] to Logger[ROOT]
20:59:59,237 |-INFO in ch.qos.logback.classic.joran.action.ConfigurationAction - End of configuration.
20:59:59,240 |-INFO in ch.qos.logback.classic.joran.JoranConfigurator@6b2ef50e - Registering current configuration as safe fallback point


  .   ____          _            __ _ _
 /\\ / ___'_ __ _ _(_)_ __  __ _ \ \ \ \
( ( )\___ | '_ | '_| | '_ \/ _` | \ \ \ \
 \\/  ___)| |_)| | | | | || (_| |  ) ) ) )
  '  |____| .__|_| |_|_| |_\__, | / / / /
 =========|_|==============|___/=/_/_/_/
 :: Spring Boot ::                (v2.6.7)

21:00:02.270 [Test worker] INFO  c.epam.esm.dao.impl.UserDaoImplTest - Starting UserDaoImplTest using Java 11 on G1 with PID 8460 (started by Александр in C:\Users\Александр\IdeaProjects\OnlineStore\Core)
21:00:02.284 [Test worker] DEBUG c.epam.esm.dao.impl.UserDaoImplTest - Running with Spring Boot v2.6.7, Spring v5.3.19
21:00:02.287 [Test worker] INFO  c.epam.esm.dao.impl.UserDaoImplTest - The following 1 profile is active: "development"
21:00:18.699 [Test worker] INFO  c.epam.esm.dao.impl.UserDaoImplTest - Started UserDaoImplTest in 17.777 seconds (JVM running for 23.996)
2022-05-10T12:33:33 / 2022-05-10T12:33:33
]]></system-out>
  <system-err><![CDATA[]]></system-err>
</testsuite>
